\BOOKMARK [0][-]{chapter.1}{\376\377\000I\000n\000t\000r\000o\000d\000u\000\347\000\343\000o}{}% 1
\BOOKMARK [1][-]{section.1.1}{\376\377\000Q\000u\000e\000s\000t\000\365\000e\000s\000\040\000d\000e\000\040\000p\000e\000s\000q\000u\000i\000s\000a}{chapter.1}% 2
\BOOKMARK [1][-]{section.1.2}{\376\377\000O\000b\000j\000e\000t\000i\000v\000o\000s}{chapter.1}% 3
\BOOKMARK [1][-]{section.1.3}{\376\377\000E\000s\000t\000r\000u\000t\000u\000r\000a\000\040\000d\000o\000\040\000t\000e\000x\000t\000o}{chapter.1}% 4
\BOOKMARK [0][-]{chapter.2}{\376\377\000F\000u\000n\000d\000a\000m\000e\000n\000t\000a\000\347\000\343\000o\000\040\000t\000e\000\363\000r\000i\000c\000a}{}% 5
\BOOKMARK [1][-]{section.2.1}{\376\377\000M\000o\000n\000i\000t\000o\000r\000a\000m\000e\000n\000t\000o\000\040\000r\000e\000m\000o\000t\000o\000\040\000d\000e\000\040\000s\000i\000n\000a\000i\000s\000\040\000v\000i\000t\000a\000i\000s}{chapter.2}% 6
\BOOKMARK [1][-]{section.2.2}{\376\377\000V\000i\000t\000a\000l\000\040\000S\000i\000g\000n\000\040\000A\000d\000a\000p\000t\000i\000v\000e\000\040\000C\000o\000m\000p\000r\000e\000s\000s\000o\000r}{chapter.2}% 7
\BOOKMARK [2][-]{subsection.2.2.1}{\376\377\000A\000r\000q\000u\000i\000t\000e\000t\000u\000r\000a\000\040\000d\000o\000\040\000V\000S\000A\000C}{section.2.2}% 8
\BOOKMARK [2][-]{subsection.2.2.2}{\376\377\000C\000o\000m\000p\000r\000e\000s\000s\000\343\000o\000\040\000d\000e\000\040\000d\000a\000d\000o\000s\000\040\000n\000o\000\040\000V\000S\000A\000C}{section.2.2}% 9
\BOOKMARK [1][-]{section.2.3}{\376\377\000P\000r\000i\000o\000r\000i\000z\000a\000\347\000\343\000o}{chapter.2}% 10
\BOOKMARK [1][-]{section.2.4}{\376\377\000P\000r\000o\000j\000e\000t\000o\000\040\000M\000H\000D}{chapter.2}% 11
\BOOKMARK [0][-]{chapter.3}{\376\377\000T\000r\000a\000b\000a\000l\000h\000o\000s\000\040\000r\000e\000l\000a\000c\000i\000o\000n\000a\000d\000o\000s}{}% 12
\BOOKMARK [1][-]{section.3.1}{\376\377\000M\000e\000t\000o\000d\000o\000l\000o\000g\000i\000a\000\040\000d\000e\000\040\000s\000e\000l\000e\000\347\000\343\000o}{chapter.3}% 13
\BOOKMARK [2][-]{subsection.3.1.1}{\376\377\000E\000s\000t\000r\000a\000t\000\351\000g\000i\000a\000\040\000d\000e\000\040\000b\000u\000s\000c\000a}{section.3.1}% 14
\BOOKMARK [2][-]{subsection.3.1.2}{\376\377\000S\000e\000l\000e\000\347\000\343\000o\000\040\000d\000o\000s\000\040\000a\000r\000t\000i\000g\000o\000s}{section.3.1}% 15
\BOOKMARK [2][-]{subsection.3.1.3}{\376\377\000S\000o\000f\000t\000w\000a\000r\000e\000\040\000e\000\040\000f\000e\000r\000r\000a\000m\000e\000n\000t\000a\000s}{section.3.1}% 16
\BOOKMARK [1][-]{section.3.2}{\376\377\000E\000s\000t\000a\000d\000o\000-\000d\000a\000-\000a\000r\000t\000e}{chapter.3}% 17
\BOOKMARK [2][-]{subsection.3.2.1}{\376\377\000T\000R\0001\000:\000\040\000A\000\040\000l\000i\000g\000h\000t\000w\000e\000i\000g\000h\000t\000\040\000a\000n\000d\000\040\000s\000e\000c\000u\000r\000e\000\040\000s\000e\000n\000s\000i\000n\000g\000\040\000m\000o\000d\000e\000l\000\040\000f\000o\000r\000\040\000b\000o\000d\000y\000\040\000a\000r\000e\000a\000\040\000n\000e\000t\000w\000o\000r\000k\000s\000\040\000i\000n\000\040\000t\000h\000e\000\040\000I\000n\000t\000e\000r\000n\000e\000t\000\040\000o\000f\000\040\000T\000h\000i\000n\000g\000s\000\040\000i\000n\000\040\000b\000i\000o\000l\000o\000g\000i\000c\000a\000l\000\040\000w\000a\000r\000f\000a\000r\000e\000\040\000a\000p\000p\000l\000i\000c\000a\000t\000i\000o\000n\000s\000\040\000E\000S\000M\000A\000E\000I\000L\000I\0002\0000\0002\0003}{section.3.2}% 18
\BOOKMARK [2][-]{subsection.3.2.2}{\376\377\000T\000R\0002\000:\000\040\000T\000o\000w\000a\000r\000d\000s\000\040\000p\000r\000o\000v\000i\000d\000i\000n\000g\000\040\000a\000\040\000p\000r\000i\000o\000r\000i\000t\000y\000-\000b\000a\000s\000e\000d\000\040\000v\000i\000t\000a\000l\000\040\000s\000i\000g\000n\000\040\000o\000f\000f\000l\000o\000a\000d\000i\000n\000g\000\040\000i\000n\000\040\000h\000e\000a\000l\000t\000h\000c\000a\000r\000e\000\040\000w\000i\000t\000h\000\040\000s\000e\000r\000v\000e\000r\000l\000e\000s\000s\000\040\000c\000o\000m\000p\000u\000t\000i\000n\000g\000\040\000a\000n\000d\000\040\000a\000\040\000f\000o\000g\000-\000c\000l\000o\000u\000d\000\040\000a\000r\000c\000h\000i\000t\000e\000c\000t\000u\000r\000e\000\040\000C\000A\000S\000S\000E\000L\0002\0000\0002\0004}{section.3.2}% 19
\BOOKMARK [2][-]{subsection.3.2.3}{\376\377\000T\000R\0003\000:\000\040\000L\000i\000g\000h\000t\000w\000e\000i\000g\000h\000t\000\040\000L\000o\000s\000s\000y\000/\000L\000o\000s\000s\000l\000e\000s\000s\000\040\000E\000C\000G\000\040\000C\000o\000m\000p\000r\000e\000s\000s\000i\000o\000n\000\040\000f\000o\000r\000\040\000M\000e\000d\000i\000c\000a\000l\000\040\000I\000o\000T\000\040\000S\000y\000s\000t\000e\000m\000s\000\040\000C\000h\000a\000n\000g\0002\0000\0002\0004}{section.3.2}% 20
\BOOKMARK [2][-]{subsection.3.2.4}{\376\377\000T\000R\0004\000:\000\040\000C\000o\000m\000p\000r\000e\000s\000s\000i\000o\000n\000\040\000o\000f\000\040\000e\000l\000e\000c\000t\000r\000o\000c\000a\000r\000d\000i\000o\000g\000r\000a\000m\000\040\000s\000i\000g\000n\000a\000l\000s\000\040\000u\000s\000i\000n\000g\000\040\000c\000o\000m\000p\000r\000e\000s\000s\000i\000v\000e\000\040\000s\000e\000n\000s\000i\000n\000g\000\040\000t\000e\000c\000h\000n\000i\000q\000u\000e\000\040\000b\000a\000s\000e\000d\000\040\000o\000n\000\040\000c\000u\000r\000v\000e\000l\000e\000t\000\040\000t\000r\000a\000n\000s\000f\000o\000r\000m\000\040\000t\000o\000w\000a\000r\000d\000\040\000m\000e\000d\000i\000c\000a\000l\000\040\000a\000p\000p\000l\000i\000c\000a\000t\000i\000o\000n\000s\000\040\000H\000a\000s\000s\000a\000n\0002\0000\0002\0004}{section.3.2}% 21
\BOOKMARK [2][-]{subsection.3.2.5}{\376\377\000T\000R\0005\000:\000\040\000L\000P\000R\000L\000C\000:\000\040\000L\000i\000n\000e\000a\000r\000\040\000P\000r\000e\000d\000i\000c\000t\000i\000v\000e\000\040\000R\000u\000n\000\040\000L\000e\000n\000g\000t\000h\000\040\000C\000o\000d\000i\000n\000g\000\040\000t\000o\000\040\000I\000m\000p\000r\000o\000v\000e\000\040\000E\000n\000e\000r\000g\000y\000\040\000C\000o\000n\000s\000u\000m\000p\000t\000i\000o\000n\000\040\000o\000f\000\040\000W\000B\000A\000N\000s\000\040\000V\000a\000k\000i\000l\0002\0000\0002\0004}{section.3.2}% 22
\BOOKMARK [2][-]{subsection.3.2.6}{\376\377\000T\000R\0006\000:\000\040\000B\000l\000e\000n\000d\000i\000n\000g\000\040\000l\000o\000s\000s\000y\000\040\000a\000n\000d\000\040\000l\000o\000s\000s\000l\000e\000s\000s\000\040\000d\000a\000t\000a\000\040\000c\000o\000m\000p\000r\000e\000s\000s\000i\000o\000n\000\040\000m\000e\000t\000h\000o\000d\000s\000\040\000t\000o\000\040\000s\000u\000p\000p\000o\000r\000t\000\040\000h\000e\000a\000l\000t\000h\000\040\000d\000a\000t\000a\000\040\000s\000t\000r\000e\000a\000m\000i\000n\000g\000\040\000i\000n\000\040\000s\000m\000a\000r\000t\000\040\000c\000i\000t\000i\000e\000s\000\040\000A\000n\000d\000r\000a\000d\000e\0002\0000\0002\0005}{section.3.2}% 23
\BOOKMARK [2][-]{subsection.3.2.7}{\376\377\000T\000R\0007\000:\000\040\000I\000o\000T\000-\000d\000r\000i\000v\000e\000n\000\040\000r\000e\000m\000o\000t\000e\000\040\000h\000e\000a\000l\000t\000h\000\040\000m\000o\000n\000i\000t\000o\000r\000i\000n\000g\000\040\000s\000y\000s\000t\000e\000m\000\040\000w\000i\000t\000h\000\040\000s\000e\000n\000s\000o\000r\000\040\000f\000u\000s\000i\000o\000n\000\040\000e\000n\000h\000a\000n\000c\000i\000n\000g\000\040\000i\000m\000m\000e\000d\000i\000a\000t\000e\000\040\000m\000e\000d\000i\000c\000a\000l\000\040\000a\000s\000s\000i\000s\000t\000a\000n\000c\000e\000\040\000i\000n\000\040\000d\000i\000s\000t\000r\000i\000b\000u\000t\000e\000d\000\040\000s\000e\000t\000t\000i\000n\000g\000s\000\040\000M\000O\000H\000A\000P\000A\000T\000R\000A\0002\0000\0002\0005}{section.3.2}% 24
\BOOKMARK [2][-]{subsection.3.2.8}{\376\377\000T\000R\0008\000:\000\040\000R\000e\000s\000e\000a\000r\000c\000h\000\040\000o\000n\000\040\000F\000e\000i\000s\000t\000e\000l\000\040\000E\000n\000c\000r\000y\000p\000t\000i\000o\000n\000\040\000A\000l\000g\000o\000r\000i\000t\000h\000m\000\040\000B\000a\000s\000e\000d\000\040\000O\000n\000\040\000W\000i\000r\000e\000l\000e\000s\000s\000\040\000M\000e\000d\000i\000c\000a\000l\000\040\000S\000e\000n\000s\000o\000r\000\040\000N\000e\000t\000w\000o\000r\000k\000s\000\040\000T\000A\000O\0002\0000\0002\0005}{section.3.2}% 25
\BOOKMARK [2][-]{subsection.3.2.9}{\376\377\000T\000R\0009\000:\000\040\000F\0002\000m\000u\000l\000t\000i\000s\000e\000n\000s\000e\000:\000\040\000a\000\040\000n\000o\000v\000e\000l\000\040\000a\000p\000p\000r\000o\000a\000c\000h\000\040\000t\000o\000\040\000f\000u\000z\000z\000y\000\040\000f\000u\000s\000i\000o\000n\000\040\000i\000n\000\040\000m\000u\000l\000t\000i\000s\000e\000n\000s\000o\000r\000\040\000d\000a\000t\000a\000\040\000t\000o\000\040\000i\000m\000p\000r\000o\000v\000e\000\040\000s\000a\000v\000i\000n\000g\000\040\000e\000n\000e\000r\000g\000y\000\040\000i\000n\000\040\000W\000B\000S\000N\000\040\000S\000h\000a\000n\000k\000a\000n\000i\0002\0000\0002\0005}{section.3.2}% 26
\BOOKMARK [2][-]{subsection.3.2.10}{\376\377\000T\000R\0001\0000\000:\000\040\000A\000\040\000c\000o\000m\000p\000r\000e\000h\000e\000n\000s\000i\000v\000e\000\040\000e\000v\000a\000l\000u\000a\000t\000i\000o\000n\000\040\000o\000f\000\040\000m\000u\000l\000t\000i\000p\000l\000e\000\040\000v\000i\000d\000e\000o\000\040\000c\000o\000m\000p\000r\000e\000s\000s\000i\000o\000n\000\040\000a\000l\000g\000o\000r\000i\000t\000h\000m\000s\000\040\000f\000o\000r\000\040\000p\000r\000e\000s\000e\000r\000v\000i\000n\000g\000\040\000B\000V\000P\000\040\000s\000i\000g\000n\000a\000l\000\040\000q\000u\000a\000l\000i\000t\000y\000\040\000Z\000h\000o\000u\0002\0000\0002\0005}{section.3.2}% 27
\BOOKMARK [1][-]{section.3.3}{\376\377\000A\000n\000\341\000l\000i\000s\000e\000\040\000e\000\040\000O\000p\000o\000r\000t\000u\000n\000i\000d\000a\000d\000e\000s}{chapter.3}% 28
\BOOKMARK [0][-]{chapter.4}{\376\377\000M\000o\000d\000e\000l\000o\000\040\000V\000i\000S\000P\000A\000C}{}% 29
\BOOKMARK [1][-]{section.4.1}{\376\377\000C\000a\000s\000o\000\040\000d\000e\000\040\000u\000s\000o}{chapter.4}% 30
\BOOKMARK [1][-]{section.4.2}{\376\377\000D\000e\000c\000i\000s\000\365\000e\000s\000\040\000d\000e\000\040\000p\000r\000o\000j\000e\000t\000o}{chapter.4}% 31
\BOOKMARK [1][-]{section.4.3}{\376\377\000A\000r\000q\000u\000i\000t\000e\000t\000u\000r\000a}{chapter.4}% 32
\BOOKMARK [1][-]{section.4.4}{\376\377\000F\000u\000n\000c\000i\000o\000n\000a\000m\000e\000n\000t\000o}{chapter.4}% 33
\BOOKMARK [2][-]{subsection.4.4.1}{\376\377\000A\000l\000g\000o\000r\000i\000t\000m\000o\000\040\0001\000\040\000-\000\040\000C\000o\000n\000f\000i\000g\000u\000r\000a\000d\000o\000r\000\040\000p\000o\000r\000\040\000S\000i\000n\000a\000l\000\040\000V\000i\000t\000a\000l}{section.4.4}% 34
\BOOKMARK [2][-]{subsection.4.4.2}{\376\377\000A\000l\000g\000o\000r\000i\000t\000m\000o\000\040\0002\000\040\000-\000\040\000B\000a\000c\000k\000-\000o\000f\000f\000\040\000E\000x\000p\000o\000n\000e\000n\000c\000i\000a\000l\000\040\000C\000o\000n\000d\000i\000c\000i\000o\000n\000a\000d\000o\000\040\000a\000o\000\040\000R\000i\000s\000c\000o}{section.4.4}% 35
\BOOKMARK [2][-]{subsection.4.4.3}{\376\377\000A\000l\000g\000o\000r\000i\000t\000m\000o\000\040\0003\000\040\000-\000\040\000V\000i\000g\000i\000l\000\342\000n\000c\000i\000a\000\040\000C\000o\000n\000t\000\355\000n\000u\000a}{section.4.4}% 36
\BOOKMARK [2][-]{subsection.4.4.4}{\376\377\000R\000e\000s\000u\000m\000o\000\040\000d\000a\000\040\000i\000n\000t\000e\000r\000d\000e\000p\000e\000n\000d\000\352\000n\000c\000i\000a\000\040\000d\000o\000s\000\040\000a\000l\000g\000o\000r\000i\000t\000m\000o\000s}{section.4.4}% 37
\BOOKMARK [0][-]{chapter.5}{\376\377\000M\000e\000t\000o\000d\000o\000l\000o\000g\000i\000a\000\040\000e\000\040\000e\000x\000p\000e\000r\000i\000m\000e\000n\000t\000o}{}% 38
\BOOKMARK [1][-]{section.5.1}{\376\377\000D\000e\000s\000i\000g\000n\000\040\000d\000o\000\040\000E\000x\000p\000e\000r\000i\000m\000e\000n\000t\000o}{chapter.5}% 39
\BOOKMARK [1][-]{section.5.2}{\376\377\000M\000a\000t\000e\000r\000i\000a\000i\000s\000\040\000e\000\040\000D\000a\000d\000o\000s}{chapter.5}% 40
\BOOKMARK [1][-]{section.5.3}{\376\377\000A\000m\000b\000i\000e\000n\000t\000e\000\040\000d\000e\000\040\000A\000v\000a\000l\000i\000a\000\347\000\343\000o}{chapter.5}% 41
\BOOKMARK [2][-]{subsection.5.3.1}{\376\377\000R\000e\000g\000i\000\343\000o\000\040\000u\000s\000-\000e\000a\000s\000t\000-\0001\000\040\000\050\000E\000d\000g\000e\000\040\000e\000\040\000F\000o\000g\000\051}{section.5.3}% 42
\BOOKMARK [2][-]{subsection.5.3.2}{\376\377\000R\000e\000g\000i\000\343\000o\000\040\000u\000s\000-\000w\000e\000s\000t\000-\0001\000\040\000\050\000C\000l\000o\000u\000d\000\051\000\040\000e\000\040\000I\000n\000t\000e\000r\000c\000o\000n\000e\000x\000\343\000o}{section.5.3}% 43
\BOOKMARK [1][-]{section.5.4}{\376\377\000I\000m\000p\000l\000e\000m\000e\000n\000t\000a\000\347\000\343\000o\000\040\000d\000o\000\040\000M\000o\000d\000e\000l\000o\000\040\000V\000i\000S\000P\000A\000C}{chapter.5}% 44
\BOOKMARK [2][-]{subsection.5.4.1}{\376\377\000P\000i\000p\000e\000l\000i\000n\000e\000\040\000d\000e\000\040\000C\000o\000m\000p\000r\000e\000s\000s\000\343\000o\000\040\000n\000a\000\040\000B\000o\000r\000d\000a}{section.5.4}% 45
\BOOKMARK [2][-]{subsection.5.4.2}{\376\377\000S\000e\000r\000i\000a\000l\000i\000z\000a\000\347\000\343\000o\000\040\000B\000i\000n\000\341\000r\000i\000a}{section.5.4}% 46
\BOOKMARK [2][-]{subsection.5.4.3}{\376\377\000M\000e\000c\000a\000n\000i\000s\000m\000o\000\040\000d\000e\000\040\000A\000d\000a\000p\000t\000a\000\347\000\343\000o\000\040\000e\000\040\000F\000e\000e\000d\000b\000a\000c\000k\000\040\000\050\000F\000o\000g\000\051}{section.5.4}% 47
\BOOKMARK [1][-]{section.5.5}{\376\377\000M\000\351\000t\000r\000i\000c\000a\000s\000\040\000d\000e\000\040\000A\000v\000a\000l\000i\000a\000\347\000\343\000o}{chapter.5}% 48
\BOOKMARK [1][-]{section.5.6}{\376\377\000C\000e\000n\000\341\000r\000i\000o\000s\000\040\000d\000e\000\040\000T\000e\000s\000t\000e}{chapter.5}% 49
\BOOKMARK [2][-]{subsection.5.6.1}{\376\377\000C\000e\000n\000\341\000r\000i\000o\000\040\0001\000:\000\040\000L\000i\000n\000h\000a\000\040\000d\000e\000\040\000B\000a\000s\000e\000\040\000\050\000B\000a\000s\000e\000l\000i\000n\000e\000\051}{section.5.6}% 50
\BOOKMARK [2][-]{subsection.5.6.2}{\376\377\000C\000e\000n\000\341\000r\000i\000o\000\040\0002\000:\000\040\000C\000o\000m\000p\000r\000e\000s\000s\000\343\000o\000\040\000E\000s\000t\000\341\000t\000i\000c\000a}{section.5.6}% 51
\BOOKMARK [2][-]{subsection.5.6.3}{\376\377\000C\000e\000n\000\341\000r\000i\000o\000\040\0003\000:\000\040\000V\000i\000S\000P\000A\000C\000\040\000\050\000A\000d\000a\000p\000t\000a\000t\000i\000v\000o\000\040\000C\000o\000m\000p\000l\000e\000t\000o\000\051}{section.5.6}% 52
\BOOKMARK [0][-]{chapter.6}{\376\377\000R\000e\000s\000u\000l\000t\000a\000d\000o\000s\000\040\000e\000\040\000d\000i\000s\000c\000u\000s\000s\000\343\000o}{}% 53
\BOOKMARK [1][-]{section.6.1}{\376\377\000V\000i\000s\000\343\000o\000\040\000G\000e\000r\000a\000l\000\040\000e\000\040\000C\000o\000m\000p\000a\000r\000a\000t\000i\000v\000o\000\040\000Q\000u\000a\000l\000i\000t\000a\000t\000i\000v\000o}{chapter.6}% 54
\BOOKMARK [1][-]{section.6.2}{\376\377\000A\000n\000\341\000l\000i\000s\000e\000\040\000d\000e\000\040\000R\000e\000d\000u\000\347\000\343\000o\000\040\000d\000e\000\040\000T\000r\000a\000n\000s\000m\000i\000s\000s\000\365\000e\000s}{chapter.6}% 55
\BOOKMARK [1][-]{section.6.3}{\376\377\000E\000f\000i\000c\000i\000\352\000n\000c\000i\000a\000\040\000d\000e\000\040\000C\000o\000m\000p\000r\000e\000s\000s\000\343\000o\000\040\000e\000\040\000V\000o\000l\000u\000m\000e\000\040\000d\000e\000\040\000D\000a\000d\000o\000s}{chapter.6}% 56
\BOOKMARK [1][-]{section.6.4}{\376\377\000F\000i\000d\000e\000l\000i\000d\000a\000d\000e\000\040\000C\000l\000\355\000n\000i\000c\000a\000\040\000e\000\040\000D\000i\000s\000t\000o\000r\000\347\000\343\000o\000\040\000\050\000P\000R\000D\000\051}{chapter.6}% 57
\BOOKMARK [1][-]{section.6.5}{\376\377\000A\000n\000\341\000l\000i\000s\000e\000\040\000d\000e\000\040\000L\000a\000t\000\352\000n\000c\000i\000a\000\040\000e\000\040\000D\000e\000c\000o\000m\000p\000o\000s\000i\000\347\000\343\000o\000\040\000p\000o\000r\000\040\000C\000a\000m\000a\000d\000a}{chapter.6}% 58
\BOOKMARK [1][-]{section.6.6}{\376\377\000R\000e\000s\000u\000m\000o\000\040\000p\000o\000r\000\040\000C\000e\000n\000\341\000r\000i\000o}{chapter.6}% 59
\BOOKMARK [1][-]{section.6.7}{\376\377\000C\000o\000m\000p\000o\000r\000t\000a\000m\000e\000n\000t\000o\000\040\000A\000d\000a\000p\000t\000a\000t\000i\000v\000o\000:\000\040\000E\000s\000t\000u\000d\000o\000s\000\040\000d\000e\000\040\000C\000a\000s\000o}{chapter.6}% 60
\BOOKMARK [2][-]{subsection.6.7.1}{\376\377\000P\000a\000c\000i\000e\000n\000t\000e\000\040\000d\000e\000\040\000R\000i\000s\000c\000o\000\040\000A\000l\000t\000o\000\040\000\050\000P\000a\000c\000i\000e\000n\000t\000e\000\040\0000\0009\000\051}{section.6.7}% 61
\BOOKMARK [2][-]{subsection.6.7.2}{\376\377\000P\000a\000c\000i\000e\000n\000t\000e\000\040\000d\000e\000\040\000R\000i\000s\000c\000o\000\040\000E\000s\000t\000\341\000v\000e\000l\000\040\000\050\000P\000a\000c\000i\000e\000n\000t\000e\000\040\0000\0008\000\051}{section.6.7}% 62
\BOOKMARK [2][-]{subsection.6.7.3}{\376\377\000P\000a\000c\000i\000e\000n\000t\000e\000\040\000d\000e\000\040\000R\000i\000s\000c\000o\000\040\000V\000a\000r\000i\000\341\000v\000e\000l\000\040\000\050\000P\000a\000c\000i\000e\000n\000t\000e\000\040\0003\0007\000\051}{section.6.7}% 63
\BOOKMARK [1][-]{section.6.8}{\376\377\000D\000i\000s\000c\000u\000s\000s\000\343\000o\000\040\000e\000\040\000R\000e\000s\000p\000o\000s\000t\000a\000\040\000\340\000s\000\040\000Q\000u\000e\000s\000t\000\365\000e\000s\000\040\000d\000e\000\040\000P\000e\000s\000q\000u\000i\000s\000a}{chapter.6}% 64
\BOOKMARK [2][-]{subsection.6.8.1}{\376\377\000Q\000P\0001\000:\000\040\000T\000e\000s\000t\000e\000\040\000c\000o\000m\000\040\000m\000\372\000l\000t\000i\000p\000l\000o\000s\000\040\000s\000i\000n\000a\000i\000s\000\040\000v\000i\000t\000a\000i\000s}{section.6.8}% 65
\BOOKMARK [2][-]{subsection.6.8.2}{\376\377\000Q\000P\0002\000:\000\040\000A\000d\000a\000p\000t\000a\000\347\000\343\000o\000\040\000v\000i\000a\000\040\000n\000o\000t\000i\000f\000i\000c\000a\000\347\000\365\000e\000s\000\040\000F\000o\000g\000/\000C\000l\000o\000u\000d}{section.6.8}% 66
\BOOKMARK [2][-]{subsection.6.8.3}{\376\377\000Q\000P\0003\000:\000\040\000I\000m\000p\000a\000c\000t\000o\000\040\000n\000a\000\040\000q\000u\000a\000l\000i\000d\000a\000d\000e\000\040\000d\000o\000s\000\040\000d\000a\000d\000o\000s}{section.6.8}% 67
\BOOKMARK [2][-]{subsection.6.8.4}{\376\377\000Q\000P\0004\000:\000\040\000I\000m\000p\000a\000c\000t\000o\000\040\000c\000o\000m\000p\000u\000t\000a\000c\000i\000o\000n\000a\000l\000\040\000e\000\040\000g\000e\000s\000t\000\343\000o\000\040\000d\000e\000\040\000c\000o\000l\000e\000t\000a}{section.6.8}% 68
\BOOKMARK [2][-]{subsection.6.8.5}{\376\377\000C\000o\000n\000s\000u\000l\000t\000a\000\040\000a\000\040\000E\000s\000p\000e\000c\000i\000a\000l\000i\000s\000t\000a\000\040\000C\000l\000\355\000n\000i\000c\000a}{section.6.8}% 69
\BOOKMARK [2][-]{subsection.6.8.6}{\376\377\000C\000o\000m\000p\000a\000r\000a\000\347\000\343\000o\000\040\000c\000o\000m\000\040\000T\000r\000a\000b\000a\000l\000h\000o\000s\000\040\000R\000e\000l\000a\000c\000i\000o\000n\000a\000d\000o\000s}{section.6.8}% 70
\BOOKMARK [2][-]{subsection.6.8.7}{\376\377\000V\000a\000n\000t\000a\000g\000e\000n\000s\000\040\000e\000\040\000L\000i\000m\000i\000t\000a\000\347\000\365\000e\000s\000\040\000d\000o\000\040\000V\000i\000S\000P\000A\000C}{section.6.8}% 71
\BOOKMARK [1][-]{section.6.9}{\376\377\000A\000n\000\341\000l\000i\000s\000e\000\040\000d\000e\000\040\000E\000s\000c\000a\000l\000a\000b\000i\000l\000i\000d\000a\000d\000e}{chapter.6}% 72
\BOOKMARK [2][-]{subsection.6.9.1}{\376\377\000U\000t\000i\000l\000i\000z\000a\000\347\000\343\000o\000\040\000O\000b\000s\000e\000r\000v\000a\000d\000a\000\040\000d\000o\000\040\000F\000o\000g}{section.6.9}% 73
\BOOKMARK [2][-]{subsection.6.9.2}{\376\377\000P\000r\000o\000j\000e\000\347\000\343\000o\000\040\000d\000e\000\040\000C\000a\000p\000a\000c\000i\000d\000a\000d\000e\000\040\000e\000\040\000L\000i\000m\000i\000t\000e\000s}{section.6.9}% 74
\BOOKMARK [0][-]{chapter.7}{\376\377\000C\000o\000n\000c\000l\000u\000s\000\343\000o}{}% 75
\BOOKMARK [1][-]{section.7.1}{\376\377\000C\000o\000n\000t\000r\000i\000b\000u\000i\000\347\000\365\000e\000s}{chapter.7}% 76
\BOOKMARK [1][-]{section.7.2}{\376\377\000T\000r\000a\000n\000s\000f\000e\000r\000\352\000n\000c\000i\000a\000\040\000d\000e\000\040\000T\000e\000c\000n\000o\000l\000o\000g\000i\000a}{chapter.7}% 77
\BOOKMARK [1][-]{section.7.3}{\376\377\000T\000r\000a\000b\000a\000l\000h\000o\000s\000\040\000F\000u\000t\000u\000r\000o\000s}{chapter.7}% 78
\BOOKMARK [0][-]{chapter*.52}{\376\377\000R\000e\000f\000e\000r\000\352\000n\000c\000i\000a\000s}{}% 79
